SF:lib/src/features/core/error_handling/error_controller.dart
DA:12,1
DA:17,1
DA:22,2
DA:29,1
DA:32,2
DA:38,0
DA:39,0
DA:43,0
DA:44,0
DA:45,0
DA:46,0
DA:51,0
DA:55,0
DA:57,0
DA:58,0
DA:59,0
DA:61,0
DA:63,0
DA:64,0
DA:65,0
DA:72,0
DA:73,0
DA:74,0
DA:76,0
DA:78,0
DA:80,0
DA:90,0
DA:94,0
DA:95,0
DA:96,0
LF:30
LH:5
end_of_record
SF:lib/src/features/core/error_handling/error_controller.g.dart
DA:9,1
DA:13,2
DA:14,1
LF:3
LH:3
end_of_record
SF:lib/src/features/core/error_handling/error_state.dart
DA:8,6
DA:9,0
DA:10,0
DA:23,2
DA:29,2
DA:31,2
DA:37,2
DA:38,1
DA:45,2
DA:46,1
DA:53,2
DA:54,1
DA:61,2
DA:62,1
DA:69,2
DA:70,1
DA:77,2
DA:78,1
DA:85,2
DA:86,1
DA:93,2
DA:94,1
DA:101,2
DA:102,1
DA:109,2
DA:110,1
DA:118,2
DA:133,2
DA:135,2
DA:139,2
DA:140,1
DA:144,2
DA:145,1
DA:149,2
DA:150,1
DA:154,2
DA:155,1
DA:159,2
DA:160,1
DA:164,2
DA:165,1
DA:169,2
DA:170,1
DA:174,2
DA:175,1
DA:179,2
DA:180,1
DA:184,2
DA:185,1
DA:190,2
LF:50
LH:48
end_of_record
SF:lib/src/features/core/error_handling/presentation/error_button.dart
DA:6,0
DA:11,0
DA:13,0
DA:14,0
DA:19,0
LF:5
LH:0
end_of_record
SF:lib/src/features/authentication/data/entities/user_entity.dart
DA:15,6
DA:17,2
DA:18,2
DA:19,2
DA:20,2
DA:21,2
DA:22,2
DA:23,2
DA:27,2
DA:28,2
DA:29,2
DA:30,2
DA:31,2
DA:32,2
DA:33,2
LF:15
LH:15
end_of_record
SF:lib/src/features/authentication/data/persisted_users_repository.dart
DA:12,1
DA:16,1
DA:20,1
DA:24,1
DA:30,1
DA:32,3
DA:34,2
DA:35,1
DA:36,2
DA:39,1
DA:40,3
DA:44,1
DA:46,2
DA:47,1
DA:48,3
DA:52,1
DA:54,2
DA:55,1
DA:56,5
DA:57,1
DA:59,1
DA:60,3
DA:61,1
LF:23
LH:23
end_of_record
SF:lib/src/features/authentication/data/persisted_users_repository.g.dart
DA:9,1
DA:14,4
DA:15,2
LF:3
LH:3
end_of_record
SF:lib/src/utils/logger.dart
DA:5,1
DA:6,3
DA:11,2
DA:13,1
DA:15,3
DA:16,3
DA:17,1
DA:18,5
LF:8
LH:8
end_of_record
SF:lib/src/features/authentication/data/mobile_auth_repository.dart
DA:9,3
DA:11,0
DA:12,3
DA:13,0
DA:17,1
DA:22,1
DA:27,2
DA:33,1
DA:35,2
DA:38,1
DA:43,2
DA:47,1
DA:50,1
DA:52,2
DA:55,1
DA:57,2
DA:62,1
DA:64,2
DA:65,3
DA:67,1
DA:71,1
DA:76,1
DA:77,1
DA:80,1
DA:81,1
DA:88,1
DA:91,1
DA:92,1
DA:95,1
DA:96,1
DA:97,3
LF:31
LH:29
end_of_record
SF:lib/src/features/authentication/data/mobile_auth_repository.g.dart
DA:9,3
DA:14,6
DA:15,3
LF:3
LH:3
end_of_record
SF:lib/src/features/authentication/data/user_repository.dart
DA:8,1
DA:10,1
DA:14,1
DA:17,1
DA:18,2
DA:20,2
DA:22,1
DA:23,1
DA:24,1
DA:25,1
DA:26,1
DA:27,1
LF:12
LH:12
end_of_record
SF:lib/src/features/authentication/data/user_repository.g.dart
DA:9,1
DA:13,6
LF:2
LH:2
end_of_record
SF:lib/src/features/authentication/domain/models/signup_form.dart
DA:19,3
DA:20,3
DA:21,3
DA:22,3
DA:23,6
DA:24,3
DA:25,3
DA:26,3
DA:29,3
DA:31,1
DA:32,1
DA:33,2
DA:34,3
DA:35,2
DA:36,2
DA:37,2
LF:16
LH:16
end_of_record
SF:lib/src/features/authentication/domain/models/auth_field_errors.dart
DA:5,2
DA:9,2
DA:10,2
DA:14,2
DA:15,2
DA:19,2
DA:20,2
DA:25,1
DA:26,1
DA:30,1
DA:31,1
DA:32,1
DA:35,2
DA:36,2
DA:40,2
DA:41,2
LF:16
LH:16
end_of_record
SF:lib/src/features/authentication/domain/models/user.dart
DA:17,5
DA:19,3
DA:20,3
DA:21,3
DA:22,3
DA:23,3
DA:24,3
DA:25,3
DA:29,2
DA:30,2
DA:31,2
DA:32,2
DA:33,2
DA:34,2
DA:35,2
LF:15
LH:15
end_of_record
SF:lib/src/features/authentication/domain/controllers/user_controller.g.dart
DA:9,1
DA:13,3
DA:23,1
DA:27,6
LF:4
LH:4
end_of_record
SF:lib/src/features/authentication/domain/controllers/user_controller.dart
DA:10,1
DA:12,3
DA:14,2
DA:16,1
DA:23,1
DA:25,3
DA:28,1
DA:30,1
DA:33,1
LF:9
LH:9
end_of_record
SF:lib/src/features/authentication/domain/states/user_state.dart
DA:10,2
LF:1
LH:1
end_of_record
SF:lib/src/features/authentication/domain/controllers/auth_controller.dart
DA:10,1
DA:12,2
DA:13,0
DA:14,2
DA:20,1
DA:25,1
DA:26,2
DA:29,1
DA:30,2
DA:33,1
DA:34,3
DA:35,3
DA:36,2
DA:37,3
DA:41,1
DA:42,2
DA:45,1
DA:46,2
DA:49,1
DA:50,2
LF:20
LH:19
end_of_record
SF:lib/src/features/authentication/domain/controllers/auth_controller.g.dart
DA:9,1
DA:13,3
LF:2
LH:2
end_of_record
SF:lib/src/features/authentication/services/auth_service.dart
DA:14,2
DA:16,0
DA:17,4
DA:18,0
DA:23,1
DA:28,1
DA:30,2
DA:31,1
DA:32,3
DA:36,1
DA:38,3
DA:39,2
DA:40,1
DA:41,3
DA:42,1
DA:43,3
DA:47,1
DA:53,2
DA:55,2
DA:56,1
DA:57,1
DA:60,1
DA:62,1
DA:63,3
DA:64,1
DA:65,3
DA:66,1
DA:67,3
DA:71,1
DA:73,2
DA:74,1
DA:75,3
DA:79,1
DA:81,2
DA:82,1
DA:83,3
DA:87,1
DA:89,2
DA:90,1
DA:91,3
DA:92,1
DA:93,3
LF:42
LH:40
end_of_record
SF:lib/src/features/authentication/services/auth_service.g.dart
DA:9,2
DA:13,6
LF:2
LH:2
end_of_record
SF:lib/src/features/authentication/domain/controllers/signup_form_controller.dart
DA:12,2
DA:14,10
DA:15,2
DA:20,1
DA:21,5
DA:24,1
DA:25,5
DA:28,1
DA:29,5
DA:32,1
DA:33,3
DA:34,2
DA:35,1
DA:38,1
DA:39,5
DA:42,1
DA:43,5
DA:46,1
DA:57,1
DA:58,3
DA:59,2
DA:62,1
DA:63,5
DA:64,1
DA:68,5
DA:69,1
DA:74,1
DA:75,3
DA:77,4
DA:80,5
DA:81,1
DA:86,1
DA:87,3
DA:88,1
DA:89,0
DA:92,5
DA:94,2
DA:95,0
DA:96,0
DA:99,0
DA:100,0
DA:102,0
DA:103,0
DA:108,0
DA:112,1
DA:113,3
DA:114,3
DA:115,3
DA:116,1
DA:122,1
DA:123,3
DA:124,2
DA:127,5
DA:128,1
DA:133,1
DA:134,3
DA:135,1
DA:137,1
DA:141,1
DA:142,5
DA:143,1
DA:147,5
DA:148,1
DA:153,1
DA:154,5
DA:157,1
DA:158,6
DA:161,1
DA:162,3
DA:163,2
DA:166,1
DA:167,5
DA:170,1
DA:171,5
LF:74
LH:66
end_of_record
SF:lib/src/features/authentication/domain/controllers/signup_form_controller.g.dart
DA:9,2
DA:14,4
DA:15,2
LF:3
LH:3
end_of_record
SF:lib/src/utils/debouncer.dart
DA:7,3
DA:11,2
DA:12,2
DA:13,6
DA:16,1
DA:17,2
LF:6
LH:6
end_of_record
SF:lib/src/features/authentication/domain/controllers/persisted_users_controller.dart
DA:12,1
DA:14,1
DA:18,1
DA:19,4
DA:21,2
DA:25,5
DA:27,3
DA:30,1
DA:31,4
DA:32,3
DA:35,1
DA:37,4
DA:38,2
DA:44,1
DA:46,1
DA:47,3
DA:48,3
LF:17
LH:17
end_of_record
SF:lib/src/features/authentication/domain/controllers/persisted_users_controller.g.dart
DA:9,1
DA:14,3
DA:26,1
DA:30,2
DA:31,1
LF:5
LH:5
end_of_record
